[ 2017-09-14T08:42:17+08:00 ] 127.0.0.1 /admin.php?s=/Login/login
INFO: [ app_begin ] --START--
INFO: Run Behavior\ReadHtmlCacheBehavior [ RunTime:0.001001s ]
INFO: [ app_begin ] --END-- [ RunTime:0.002001s ]

[ 2017-09-14T08:42:24+08:00 ] 127.0.0.1 /admin.php?s=/Login/login
INFO: [ app_begin ] --START--
INFO: Run Behavior\ReadHtmlCacheBehavior [ RunTime:0.001000s ]
INFO: [ app_begin ] --END-- [ RunTime:0.002000s ]
SQL: SHOW COLUMNS FROM `xyh_admin` [ RunTime:0.0170s ]
SQL: SELECT * FROM `xyh_admin` WHERE `username` = 'admin' LIMIT 1   [ RunTime:0.0020s ]
SQL: UPDATE `xyh_admin` SET `logintime`='1505349744',`loginip`='127.0.0.1' WHERE `id` = 1 [ RunTime:0.0000s ]
SQL: SHOW COLUMNS FROM `xyh_role_user` [ RunTime:0.0110s ]
SQL: SELECT `role_id` FROM `xyh_role_user` WHERE `user_id` = '1' LIMIT 1   [ RunTime:0.0010s ]

[ 2017-09-14T08:42:24+08:00 ] 127.0.0.1 /admin.php?s=/Index/getParentCate&pid=0&rnd=72395
INFO: [ app_begin ] --START--
INFO: Run Behavior\ReadHtmlCacheBehavior [ RunTime:0.001000s ]
INFO: [ app_begin ] --END-- [ RunTime:0.002000s ]
SQL: SHOW COLUMNS FROM `xyh_category` [ RunTime:0.0390s ]
SQL: SHOW COLUMNS FROM `xyh_model` [ RunTime:0.0100s ]
SQL: SELECT COUNT(*) AS tp_count FROM xyh_category category LEFT JOIN xyh_model model ON category.modelid = model.id WHERE category.pid = 0 AND category.type = 0 LIMIT 1   [ RunTime:0.0010s ]
SQL: SELECT category.id AS id,category.name AS name,category.ename AS ename,category.catpic AS catpic,category.pid AS pid,category.modelid AS modelid,category.type AS type,category.seotitle AS seotitle,category.keywords AS keywords,category.description AS description,category.template_category AS template_category,category.template_list AS template_list,category.template_show AS template_show,category.status AS status,category.sort AS sort,model.name AS modelname,model.tablename AS tablename FROM xyh_category category LEFT JOIN xyh_model model ON category.modelid = model.id WHERE category.pid = 0 AND category.type = 0 ORDER BY category.sort ASC,category.id ASC  [ RunTime:0.0010s ]

[ 2017-09-14T09:22:32+08:00 ] 127.0.0.1 /admin.php?s=/Payment/debtAjax
INFO: [ app_begin ] --START--
INFO: Run Behavior\ReadHtmlCacheBehavior [ RunTime:0.001000s ]
INFO: [ app_begin ] --END-- [ RunTime:0.002000s ]
SQL: SHOW COLUMNS FROM `xyh_payment` [ RunTime:0.0080s ]
SQL: SELECT * FROM `xyh_payment` WHERE `doctor` = 21  [ RunTime:0.0010s ]

[ 2017-09-14T09:22:36+08:00 ] 127.0.0.1 /admin.php?s=/Payment/addAjax
INFO: [ app_begin ] --START--
INFO: Run Behavior\ReadHtmlCacheBehavior [ RunTime:0.000000s ]
INFO: [ app_begin ] --END-- [ RunTime:0.002000s ]
SQL: SHOW COLUMNS FROM `xyh_bonus` [ RunTime:0.0070s ]
SQL: SELECT * FROM `xyh_bonus` WHERE `id` = 13 LIMIT 1   [ RunTime:0.0000s ]

[ 2017-09-14T09:24:53+08:00 ] 127.0.0.1 /admin.php?s=/Payment/debtAjax
INFO: [ app_begin ] --START--
INFO: Run Behavior\ReadHtmlCacheBehavior [ RunTime:0.001000s ]
INFO: [ app_begin ] --END-- [ RunTime:0.001000s ]
SQL: SHOW COLUMNS FROM `xyh_payment` [ RunTime:0.0070s ]
SQL: SELECT * FROM `xyh_payment` WHERE `doctor` = 20  [ RunTime:0.0010s ]

[ 2017-09-14T09:24:59+08:00 ] 127.0.0.1 /admin.php?s=/Payment/addAjax
INFO: [ app_begin ] --START--
INFO: Run Behavior\ReadHtmlCacheBehavior [ RunTime:0.001000s ]
INFO: [ app_begin ] --END-- [ RunTime:0.001000s ]
SQL: SHOW COLUMNS FROM `xyh_bonus` [ RunTime:0.0070s ]
SQL: SELECT * FROM `xyh_bonus` WHERE `id` = 14 LIMIT 1   [ RunTime:0.0010s ]

[ 2017-09-14T10:09:54+08:00 ] 127.0.0.1 /admin.php?s=/Payment/debtAjax
INFO: [ app_begin ] --START--
INFO: Run Behavior\ReadHtmlCacheBehavior [ RunTime:0.001000s ]
INFO: [ app_begin ] --END-- [ RunTime:0.002000s ]
SQL: SHOW COLUMNS FROM `xyh_payment` [ RunTime:0.0060s ]
SQL: SELECT * FROM `xyh_payment` WHERE `doctor` = 21  [ RunTime:0.0000s ]

[ 2017-09-14T10:09:58+08:00 ] 127.0.0.1 /admin.php?s=/Payment/addAjax
INFO: [ app_begin ] --START--
INFO: Run Behavior\ReadHtmlCacheBehavior [ RunTime:0.001000s ]
INFO: [ app_begin ] --END-- [ RunTime:0.002000s ]
SQL: SHOW COLUMNS FROM `xyh_bonus` [ RunTime:0.0060s ]
SQL: SELECT * FROM `xyh_bonus` WHERE `id` = 16 LIMIT 1   [ RunTime:0.0000s ]

[ 2017-09-14T10:16:15+08:00 ] 127.0.0.1 /admin.php?s=/Payment/debtAjax
INFO: [ app_begin ] --START--
INFO: Run Behavior\ReadHtmlCacheBehavior [ RunTime:0.000000s ]
INFO: [ app_begin ] --END-- [ RunTime:0.001000s ]
SQL: SHOW COLUMNS FROM `xyh_payment` [ RunTime:0.0070s ]
SQL: SELECT * FROM `xyh_payment` WHERE `doctor` = 20  [ RunTime:0.0010s ]

[ 2017-09-14T10:16:23+08:00 ] 127.0.0.1 /admin.php?s=/Payment/addAjax
INFO: [ app_begin ] --START--
INFO: Run Behavior\ReadHtmlCacheBehavior [ RunTime:0.001000s ]
INFO: [ app_begin ] --END-- [ RunTime:0.001000s ]
SQL: SHOW COLUMNS FROM `xyh_bonus` [ RunTime:0.0060s ]
SQL: SELECT * FROM `xyh_bonus` WHERE `id` = 13 LIMIT 1   [ RunTime:0.0010s ]

[ 2017-09-14T10:26:54+08:00 ] 127.0.0.1 /admin.php?s=/Payment/addAjax
INFO: [ app_begin ] --START--
INFO: Run Behavior\ReadHtmlCacheBehavior [ RunTime:0.001000s ]
INFO: [ app_begin ] --END-- [ RunTime:0.002000s ]
SQL: SHOW COLUMNS FROM `xyh_bonus` [ RunTime:0.0060s ]
SQL: SELECT * FROM `xyh_bonus` WHERE `id` = 15 LIMIT 1   [ RunTime:0.0010s ]

[ 2017-09-14T10:26:56+08:00 ] 127.0.0.1 /admin.php?s=/Payment/addAjax
INFO: [ app_begin ] --START--
INFO: Run Behavior\ReadHtmlCacheBehavior [ RunTime:0.001000s ]
INFO: [ app_begin ] --END-- [ RunTime:0.001000s ]
SQL: SHOW COLUMNS FROM `xyh_bonus` [ RunTime:0.0060s ]
SQL: SELECT * FROM `xyh_bonus` WHERE `id` = 14 LIMIT 1   [ RunTime:0.0010s ]

[ 2017-09-14T10:26:57+08:00 ] 127.0.0.1 /admin.php?s=/Payment/addAjax
INFO: [ app_begin ] --START--
INFO: Run Behavior\ReadHtmlCacheBehavior [ RunTime:0.001000s ]
INFO: [ app_begin ] --END-- [ RunTime:0.002000s ]
SQL: SHOW COLUMNS FROM `xyh_bonus` [ RunTime:0.0050s ]
SQL: SELECT * FROM `xyh_bonus` WHERE `id` = 13 LIMIT 1   [ RunTime:0.0010s ]

[ 2017-09-14T10:39:16+08:00 ] 127.0.0.1 /admin.php?s=/Index/getParentCate&pid=0&rnd=24676
INFO: [ app_begin ] --START--
INFO: Run Behavior\ReadHtmlCacheBehavior [ RunTime:0.001001s ]
INFO: [ app_begin ] --END-- [ RunTime:0.002001s ]
SQL: SHOW COLUMNS FROM `xyh_category` [ RunTime:0.0080s ]
SQL: SHOW COLUMNS FROM `xyh_model` [ RunTime:0.0080s ]
SQL: SELECT COUNT(*) AS tp_count FROM xyh_category category LEFT JOIN xyh_model model ON category.modelid = model.id WHERE category.pid = 0 AND category.type = 0 LIMIT 1   [ RunTime:0.0000s ]
SQL: SELECT category.id AS id,category.name AS name,category.ename AS ename,category.catpic AS catpic,category.pid AS pid,category.modelid AS modelid,category.type AS type,category.seotitle AS seotitle,category.keywords AS keywords,category.description AS description,category.template_category AS template_category,category.template_list AS template_list,category.template_show AS template_show,category.status AS status,category.sort AS sort,model.name AS modelname,model.tablename AS tablename FROM xyh_category category LEFT JOIN xyh_model model ON category.modelid = model.id WHERE category.pid = 0 AND category.type = 0 ORDER BY category.sort ASC,category.id ASC  [ RunTime:0.0010s ]

[ 2017-09-14T10:54:32+08:00 ] 127.0.0.1 /admin.php?s=/Payment/edit/id/50
ERR: Think\Model:filed方法不存在！

[ 2017-09-14T10:54:39+08:00 ] 127.0.0.1 /admin.php?s=/Payment/edit/id/50
ERR: SQLSTATE[42S22]: Column not found: 1054 Unknown column 'name' in 'field list'

[ 2017-09-14T11:33:43+08:00 ] 127.0.0.1 /admin.php?s=/Payment/addAjax
INFO: [ app_begin ] --START--
INFO: Run Behavior\ReadHtmlCacheBehavior [ RunTime:0.000000s ]
INFO: [ app_begin ] --END-- [ RunTime:0.001000s ]
SQL: SHOW COLUMNS FROM `xyh_bonus` [ RunTime:0.0050s ]
SQL: SELECT * FROM `xyh_bonus` WHERE `id` = 13 LIMIT 1   [ RunTime:0.0000s ]

[ 2017-09-14T14:37:47+08:00 ] 127.0.0.1 /admin.php?s=/Payment/addAjax
INFO: [ app_begin ] --START--
INFO: Run Behavior\ReadHtmlCacheBehavior [ RunTime:0.001000s ]
INFO: [ app_begin ] --END-- [ RunTime:0.002000s ]
SQL: SHOW COLUMNS FROM `xyh_bonus` [ RunTime:0.0060s ]
SQL: SELECT * FROM `xyh_bonus` WHERE `id` = 13 LIMIT 1   [ RunTime:0.0010s ]

[ 2017-09-14T14:39:55+08:00 ] 127.0.0.1 /admin.php?s=/Payment/editPost
ERR: 非法操作:editPost

[ 2017-09-14T15:28:24+08:00 ] 127.0.0.1 /admin.php?s=/Payment/addAjax
INFO: [ app_begin ] --START--
INFO: Run Behavior\ReadHtmlCacheBehavior [ RunTime:0.001000s ]
INFO: [ app_begin ] --END-- [ RunTime:0.001000s ]
SQL: SHOW COLUMNS FROM `xyh_bonus` [ RunTime:0.0060s ]
SQL: SELECT * FROM `xyh_bonus` WHERE `id` = 14 LIMIT 1   [ RunTime:0.0010s ]

[ 2017-09-14T15:32:50+08:00 ] 127.0.0.1 /admin.php?s=/Payment/addAjax
INFO: [ app_begin ] --START--
INFO: Run Behavior\ReadHtmlCacheBehavior [ RunTime:0.001000s ]
INFO: [ app_begin ] --END-- [ RunTime:0.001000s ]
SQL: SHOW COLUMNS FROM `xyh_bonus` [ RunTime:0.0070s ]
SQL: SELECT * FROM `xyh_bonus` WHERE `id` = 14 LIMIT 1   [ RunTime:0.0010s ]

[ 2017-09-14T15:34:23+08:00 ] 127.0.0.1 /admin.php?s=/Payment/addAjax
INFO: [ app_begin ] --START--
INFO: Run Behavior\ReadHtmlCacheBehavior [ RunTime:0.001000s ]
INFO: [ app_begin ] --END-- [ RunTime:0.002000s ]
SQL: SHOW COLUMNS FROM `xyh_bonus` [ RunTime:0.0080s ]
SQL: SELECT * FROM `xyh_bonus` WHERE `id` = 16 LIMIT 1   [ RunTime:0.0010s ]

[ 2017-09-14T15:36:41+08:00 ] 127.0.0.1 /admin.php?s=/Payment/addAjax
INFO: [ app_begin ] --START--
INFO: Run Behavior\ReadHtmlCacheBehavior [ RunTime:0.001000s ]
INFO: [ app_begin ] --END-- [ RunTime:0.002000s ]
SQL: SHOW COLUMNS FROM `xyh_bonus` [ RunTime:0.0060s ]
SQL: SELECT * FROM `xyh_bonus` WHERE `id` = 13 LIMIT 1   [ RunTime:0.0010s ]

[ 2017-09-14T15:37:19+08:00 ] 127.0.0.1 /admin.php?s=/Payment/addAjax
INFO: [ app_begin ] --START--
INFO: Run Behavior\ReadHtmlCacheBehavior [ RunTime:0.001000s ]
INFO: [ app_begin ] --END-- [ RunTime:0.001000s ]
SQL: SHOW COLUMNS FROM `xyh_bonus` [ RunTime:0.0060s ]
SQL: SELECT * FROM `xyh_bonus` WHERE `id` = 13 LIMIT 1   [ RunTime:0.0010s ]

[ 2017-09-14T15:45:13+08:00 ] 127.0.0.1 /admin.php?s=/Payment/debtAjax
INFO: [ app_begin ] --START--
INFO: Run Behavior\ReadHtmlCacheBehavior [ RunTime:0.001000s ]
INFO: [ app_begin ] --END-- [ RunTime:0.001000s ]
SQL: SHOW COLUMNS FROM `xyh_payment` [ RunTime:0.0060s ]
SQL: SELECT * FROM `xyh_payment` WHERE `doctor` = 21 AND `isdebt` = 1  [ RunTime:0.0010s ]

[ 2017-09-14T15:45:18+08:00 ] 127.0.0.1 /admin.php?s=/Payment/addAjax
INFO: [ app_begin ] --START--
INFO: Run Behavior\ReadHtmlCacheBehavior [ RunTime:0.001000s ]
INFO: [ app_begin ] --END-- [ RunTime:0.001000s ]
SQL: SHOW COLUMNS FROM `xyh_bonus` [ RunTime:0.0060s ]
SQL: SELECT * FROM `xyh_bonus` WHERE `id` = 15 LIMIT 1   [ RunTime:0.0000s ]

